<?xml version="1.0" encoding="UTF-8"?>
<!-- Generated by org.testng.reporters.JUnitReportReporter -->
<testsuite hostname="LT290" failures="0" tests="4" name="com.essen.testCases.TC_PowerBIChecker" time="72.601" errors="0" timestamp="2022-07-22T11:31:51 IST" skipped="0">
  <testcase classname="com.essen.testCases.TC_PowerBIChecker" name="ProviderPanelDashboard" time="39.856"/>
  <system-out/>
  <testcase classname="com.essen.testCases.TC_PowerBIChecker" name="FacilityPanelDashboard" time="17.584"/>
  <system-out/>
  <testcase classname="com.essen.testCases.TC_PowerBIChecker" name="PostAcuteCareDashboard" time="4.860"/>
  <system-out/>
  <testcase classname="com.essen.testCases.TC_PowerBIChecker" name="CCMDashboard" time="10.301"/>
  <system-out/>
</testsuite> <!-- com.essen.testCases.TC_PowerBIChecker -->
