<?xml version="1.0" encoding="UTF-8"?>
<!-- Generated by org.testng.reporters.JUnitReportReporter -->
<testsuite hostname="LT290" failures="0" tests="1" name="com.essen.testCases.TC_UserTest_003" time="41.458" errors="0" timestamp="2022-07-22T11:31:51 IST" skipped="0">
  <testcase classname="com.essen.testCases.TC_UserTest_003" name="UserTest" time="41.458"/>
  <system-out/>
</testsuite> <!-- com.essen.testCases.TC_UserTest_003 -->
