<?xml version="1.0" encoding="UTF-8"?>
<!-- Generated by org.testng.reporters.JUnitReportReporter -->
<testsuite hostname="LT290" failures="0" tests="3" name="com.essen.testCases.TC_SSRSChecker" time="74.771" errors="0" timestamp="2022-07-22T11:31:51 IST" skipped="0">
  <testcase classname="com.essen.testCases.TC_SSRSChecker" name="KioskCheckInsReport_PgChecker" time="38.621"/>
  <system-out/>
  <testcase classname="com.essen.testCases.TC_SSRSChecker" name="PatientList_Exceptions_PgChecker" time="15.354"/>
  <system-out/>
  <testcase classname="com.essen.testCases.TC_SSRSChecker" name="DuplicateChartMenu_PgChecker" time="20.796"/>
  <system-out/>
</testsuite> <!-- com.essen.testCases.TC_SSRSChecker -->
